{"level":"error","message":"statusCode is not defined"}
{"level":"error","message":"nombre is not defined"}
{"level":"error","message":"statusCode is not defined"}
{"level":"error","message":"statusCode is not defined"}
{"level":"error","message":"¡Faltan campos obligatorios!"}
{"level":"error","message":"nombre is not defined"}
{"level":"error","message":"Error al eliminar pago"}
{"level":"error","message":"Error al eliminar pago"}
{"level":"error","message":"Error al eliminar pago"}
{"level":"error","message":"Error al eliminar pago"}
{"level":"error","message":"Error al eliminar pago"}
{"level":"error","message":"No se logró obtener el pedido"}
{"level":"error","message":"No se logró obtener el pedido"}
{"level":"error","message":"No se logró obtener el pedido"}
{"level":"error","message":"No se logró obtener el pedido"}
{"level":"error","message":"Error al eliminar pago"}
{"level":"error","message":"Error al crear usuario"}
{"level":"error","message":"Error al crear usuario"}
{"level":"error","message":"Error al crear usuario"}
{"level":"error","message":"Error al crear usuario"}
{"level":"error","message":"Error al crear usuario"}
{"level":"error","message":"Error al crear usuario"}
{"level":"error","message":"Error al eliminar usuario"}
{"level":"error","message":"Error al eliminar usuario"}
{"level":"error","message":"Los campos idcliente, total, fecha, idpago son obligatorios"}
{"level":"error","message":"Ruta no encontrada o ha cambiado"}
{"level":"error","message":"Ruta no encontrada o ha cambiado"}
{"level":"error","message":"Error al crear el administrador"}
{"level":"error","message":"Error al crear el administrador"}
{"level":"error","message":"Error al eliminar cliente"}
{"level":"error","message":"Error al eliminar cliente"}
{"level":"error","message":"Error al eliminar cliente"}
